<?xml version="1.0" encoding="UTF-8"?>
<!-- Generated by org.testng.reporters.JUnitReportReporter -->
<testsuite hostname="DESKTOP-V73OPUB" failures="0" tests="2" name="searchProduct.SearchOnFlipkart" time="120.812" errors="0" timestamp="2022-10-11T15:30:45 IST" skipped="0">
  <testcase classname="searchProduct.SearchOnFlipkart" name="chromeTest" time="42.530"/>
  <system-out/>
  <testcase classname="searchProduct.SearchOnFlipkart" name="firefoxTest" time="78.282"/>
  <system-out/>
</testsuite> <!-- searchProduct.SearchOnFlipkart -->
